[0.036s] Invoking command in '/home/yama/ros2_ws/build/exmple_dynamixel_cpp': CMAKE_PREFIX_PATH=${CMAKE_PREFIX_PATH}:/opt/ros/jazzy DEBUGINFOD_URLS=https://debuginfod.ubuntu.com /usr/bin/cmake --build /home/yama/ros2_ws/build/exmple_dynamixel_cpp -- -j1 -l1
[0.248s] [ 50%] [32mBuilding CXX object CMakeFiles/dynamixel_controller.dir/src/dynamixel_controller.cpp.o[0m
[3.999s] [01m[K/home/yama/ros2_ws/src/exmple_dynamixel_cpp/src/dynamixel_controller.cpp:[m[K In constructor â€˜[01m[KDynamixelController::[01;32m[KDynamixelController[m[K()[m[Kâ€™:
[4.020s] [01m[K/home/yama/ros2_ws/src/exmple_dynamixel_cpp/src/dynamixel_controller.cpp:28:48:[m[K [01;31m[Kerror: [m[Kinvalid conversion from â€˜[01m[Kconst char*[m[Kâ€™ to â€˜[01m[Kuint8_t[m[Kâ€™ {aka â€˜[01m[Kunsigned char[m[Kâ€™} [[01;31m[K]8;;https://gcc.gnu.org/onlinedocs/gcc/Warning-Options.html#index-fpermissive-fpermissive]8;;[m[K]
[4.021s]    28 |         if (!dxl_wb_.setOperatingMode(dxl_id_, [01;31m[K"position"[m[K)) {
[4.021s]       |                                                [01;31m[K^~~~~~~~~~[m[K
[4.021s]       |                                                [01;31m[K|[m[K
[4.021s]       |                                                [01;31m[Kconst char*[m[K
[4.021s] In file included from [01m[K/home/yama/ros2_ws/src/exmple_dynamixel_cpp/src/dynamixel_controller.cpp:2[m[K:
[4.021s] [01m[K/opt/ros/jazzy/include/dynamixel_workbench_toolbox/dynamixel_workbench.h:62:45:[m[K [01;36m[Knote: [m[K  initializing argument 2 of â€˜[01m[Kbool DynamixelWorkbench::[01;32m[KsetOperatingMode[m[K(uint8_t, uint8_t, const char**)[m[Kâ€™
[4.021s]    62 |   bool setOperatingMode(uint8_t id, [01;36m[Kuint8_t index[m[K, const char **log = NULL);
[4.021s]       |                                     [01;36m[K~~~~~~~~^~~~~[m[K
[5.259s] gmake[2]: *** [CMakeFiles/dynamixel_controller.dir/build.make:76: CMakeFiles/dynamixel_controller.dir/src/dynamixel_controller.cpp.o] Error 1
[5.260s] gmake[1]: *** [CMakeFiles/Makefile2:137: CMakeFiles/dynamixel_controller.dir/all] Error 2
[5.260s] gmake: *** [Makefile:146: all] Error 2
[5.264s] Invoked command in '/home/yama/ros2_ws/build/exmple_dynamixel_cpp' returned '2': CMAKE_PREFIX_PATH=${CMAKE_PREFIX_PATH}:/opt/ros/jazzy DEBUGINFOD_URLS=https://debuginfod.ubuntu.com /usr/bin/cmake --build /home/yama/ros2_ws/build/exmple_dynamixel_cpp -- -j1 -l1
