[0.044s] Invoking command in '/home/yama/ros2_ws/build/exmple_dynamixel_cpp': CMAKE_PREFIX_PATH=${CMAKE_PREFIX_PATH}:/opt/ros/jazzy DEBUGINFOD_URLS=https://debuginfod.ubuntu.com /usr/bin/cmake --build /home/yama/ros2_ws/build/exmple_dynamixel_cpp -- -j1 -l1
[0.159s] [ 50%] [32mBuilding CXX object CMakeFiles/dynamixel_controller.dir/src/dynamixel_controller.cpp.o[0m
[4.257s] [01m[K/home/yama/ros2_ws/src/exmple_dynamixel_cpp/src/dynamixel_controller.cpp:[m[K In constructor â€˜[01m[KTestDynamixel::[01;32m[KTestDynamixel[m[K()[m[Kâ€™:
[4.257s] [01m[K/home/yama/ros2_ws/src/exmple_dynamixel_cpp/src/dynamixel_controller.cpp:47:56:[m[K [01;31m[Kerror: [m[Kcannot convert â€˜[01m[Kfloat*[m[Kâ€™ to â€˜[01m[Kint32_t*[m[Kâ€™ {aka â€˜[01m[Kint*[m[Kâ€™}
[4.257s]    47 |         result = dxl_wb.getPresentPositionData(dxl_id, [01;31m[K&position_data[m[K, &log);
[4.257s]       |                                                        [01;31m[K^~~~~~~~~~~~~~[m[K
[4.257s]       |                                                        [01;31m[K|[m[K
[4.257s]       |                                                        [01;31m[Kfloat*[m[K
[4.258s] In file included from [01m[K/home/yama/ros2_ws/src/exmple_dynamixel_cpp/src/dynamixel_controller.cpp:2[m[K:
[4.258s] [01m[K/opt/ros/jazzy/include/dynamixel_workbench_toolbox/dynamixel_workbench.h:77:52:[m[K [01;36m[Knote: [m[K  initializing argument 2 of â€˜[01m[Kbool DynamixelWorkbench::[01;32m[KgetPresentPositionData[m[K(uint8_t, int32_t*, const char**)[m[Kâ€™
[4.260s]    77 |   bool getPresentPositionData(uint8_t id, [01;36m[Kint32_t* data[m[K, const char **log = NULL);
[4.260s]       |                                           [01;36m[K~~~~~~~~~^~~~[m[K
[5.482s] gmake[2]: *** [CMakeFiles/dynamixel_controller.dir/build.make:76: CMakeFiles/dynamixel_controller.dir/src/dynamixel_controller.cpp.o] Error 1
[5.482s] gmake[1]: *** [CMakeFiles/Makefile2:137: CMakeFiles/dynamixel_controller.dir/all] Error 2
[5.483s] gmake: *** [Makefile:146: all] Error 2
[5.486s] Invoked command in '/home/yama/ros2_ws/build/exmple_dynamixel_cpp' returned '2': CMAKE_PREFIX_PATH=${CMAKE_PREFIX_PATH}:/opt/ros/jazzy DEBUGINFOD_URLS=https://debuginfod.ubuntu.com /usr/bin/cmake --build /home/yama/ros2_ws/build/exmple_dynamixel_cpp -- -j1 -l1
