[01m[K/home/yama/ros2_ws/src/exmple_dynamixel_cpp/src/dynamixel_controller.cpp:[m[K In constructor â€˜[01m[KDynamixelController::[01;32m[KDynamixelController[m[K()[m[Kâ€™:
[01m[K/home/yama/ros2_ws/src/exmple_dynamixel_cpp/src/dynamixel_controller.cpp:64:5:[m[K [01;31m[Kerror: [m[Kâ€˜[01m[Kdxl_wb_[m[Kâ€™ was not declared in this scope; did you mean â€˜[01m[Kdxl_wb[m[Kâ€™?
   64 |     [01;31m[Kdxl_wb_[m[K.itemWrite(id, "Velocity_Limit", 1023);
      |     [01;31m[K^~~~~~~[m[K
      |     [32m[Kdxl_wb[m[K
[01m[K/home/yama/ros2_ws/src/exmple_dynamixel_cpp/src/dynamixel_controller.cpp:64:23:[m[K [01;31m[Kerror: [m[Kâ€˜[01m[Kid[m[Kâ€™ was not declared in this scope
   64 |     dxl_wb_.itemWrite([01;31m[Kid[m[K, "Velocity_Limit", 1023);
      |                       [01;31m[K^~[m[K
[01m[K/home/yama/ros2_ws/src/exmple_dynamixel_cpp/src/dynamixel_controller.cpp:67:32:[m[K [01;31m[Kerror: [m[Kâ€˜[01m[Kclass DynamixelWorkbench[m[Kâ€™ has no member named â€˜[01m[KgetLastStatusMsg[m[Kâ€™
   67 |       const char* log = dxl_wb.[01;31m[KgetLastStatusMsg[m[K();
      |                                [01;31m[K^~~~~~~~~~~~~~~~[m[K
[01m[K/home/yama/ros2_ws/src/exmple_dynamixel_cpp/src/dynamixel_controller.cpp:67:19:[m[K [01;35m[Kwarning: [m[Kunused variable â€˜[01m[Klog[m[Kâ€™ [[01;35m[K]8;;https://gcc.gnu.org/onlinedocs/gcc/Warning-Options.html#index-Wunused-variable-Wunused-variable]8;;[m[K]
   67 |       const char* [01;35m[Klog[m[K = dxl_wb.getLastStatusMsg();
      |                   [01;35m[K^~~[m[K
gmake[2]: *** [CMakeFiles/dynamixel_controller.dir/build.make:76: CMakeFiles/dynamixel_controller.dir/src/dynamixel_controller.cpp.o] Error 1
gmake[1]: *** [CMakeFiles/Makefile2:137: CMakeFiles/dynamixel_controller.dir/all] Error 2
gmake: *** [Makefile:146: all] Error 2
