[0.025s] Invoking command in '/home/yama/ros2_ws/build/exmple_dynamixel_cpp': CMAKE_PREFIX_PATH=${CMAKE_PREFIX_PATH}:/opt/ros/jazzy DEBUGINFOD_URLS=https://debuginfod.ubuntu.com /usr/bin/cmake --build /home/yama/ros2_ws/build/exmple_dynamixel_cpp -- -j1 -l1
[0.154s] [ 50%] [32mBuilding CXX object CMakeFiles/dynamixel_controller.dir/src/dynamixel_controller.cpp.o[0m
[4.326s] [01m[K/home/yama/ros2_ws/src/exmple_dynamixel_cpp/src/dynamixel_controller.cpp:59:2:[m[K [01;31m[Kerror: [m[Kexpected ‚Äò[01m[K}[m[K‚Äô at end of input
[4.328s]    59 | }
[4.328s]       |  [01;31m[K^[m[K
[4.339s] [01m[K/home/yama/ros2_ws/src/exmple_dynamixel_cpp/src/dynamixel_controller.cpp:5:1:[m[K [01;36m[Knote: [m[Kto match this ‚Äò[01m[K{[m[K‚Äô
[4.339s]     5 | [01;36m[K{[m[K
[4.339s]       | [01;36m[K^[m[K
[4.344s] [01m[K/home/yama/ros2_ws/src/exmple_dynamixel_cpp/src/dynamixel_controller.cpp:[m[K In constructor ‚Äò[01m[KDynamixelController::[01;32m[KDynamixelController[m[K()[m[K‚Äô:
[4.344s] [01m[K/home/yama/ros2_ws/src/exmple_dynamixel_cpp/src/dynamixel_controller.cpp:14:10:[m[K [01;31m[Kerror: [m[K‚Äò[01m[Kdxl_wb[m[K‚Äô was not declared in this scope; did you mean ‚Äò[01m[Kdxl_id[m[K‚Äô?
[4.345s]    14 |     if (![01;31m[Kdxl_wb[m[K.init(device_name, baud_rate))
[4.345s]       |          [01;31m[K^~~~~~[m[K
[4.345s]       |          [32m[Kdxl_id[m[K
[4.376s] [01m[K/home/yama/ros2_ws/src/exmple_dynamixel_cpp/src/dynamixel_controller.cpp:20:10:[m[K [01;31m[Kerror: [m[K‚Äò[01m[Kdxl_wb[m[K‚Äô was not declared in this scope; did you mean ‚Äò[01m[Kdxl_id[m[K‚Äô?
[4.377s]    20 |     if (![01;31m[Kdxl_wb[m[K.ping(dxl_id))
[4.377s]       |          [01;31m[K^~~~~~[m[K
[4.377s]       |          [32m[Kdxl_id[m[K
[4.391s] [01m[K/home/yama/ros2_ws/src/exmple_dynamixel_cpp/src/dynamixel_controller.cpp:27:10:[m[K [01;31m[Kerror: [m[K‚Äò[01m[Kdxl_wb[m[K‚Äô was not declared in this scope; did you mean ‚Äò[01m[Kdxl_id[m[K‚Äô?
[4.391s]    27 |     if (![01;31m[Kdxl_wb[m[K.itemWrite(dxl_id, "Operating_Mode", 3)) // 3: Position mode
[4.391s]       |          [01;31m[K^~~~~~[m[K
[4.391s]       |          [32m[Kdxl_id[m[K
[4.411s] [01m[K/home/yama/ros2_ws/src/exmple_dynamixel_cpp/src/dynamixel_controller.cpp:35:10:[m[K [01;31m[Kerror: [m[K‚Äò[01m[Kdxl_wb[m[K‚Äô was not declared in this scope; did you mean ‚Äò[01m[Kdxl_id[m[K‚Äô?
[4.411s]    35 |     if (![01;31m[Kdxl_wb[m[K.jointMode(dxl_id, 0, 0))
[4.411s]       |          [01;31m[K^~~~~~[m[K
[4.411s]       |          [32m[Kdxl_id[m[K
[4.416s] [01m[K/home/yama/ros2_ws/src/exmple_dynamixel_cpp/src/dynamixel_controller.cpp:42:10:[m[K [01;31m[Kerror: [m[K‚Äò[01m[Kdxl_wb[m[K‚Äô was not declared in this scope; did you mean ‚Äò[01m[Kdxl_id[m[K‚Äô?
[4.416s]    42 |     if (![01;31m[Kdxl_wb[m[K.goalPosition(dxl_id, 2048)) // ÂÆâÂÖ®„Å™‰∏≠ÈñìÂÄ§
[4.416s]       |          [01;31m[K^~~~~~[m[K
[4.417s]       |          [32m[Kdxl_id[m[K
[4.418s] [01m[K/home/yama/ros2_ws/src/exmple_dynamixel_cpp/src/dynamixel_controller.cpp:48:1:[m[K [01;31m[Kerror: [m[Kexpected primary-expression before ‚Äò[01m[Kprivate[m[K‚Äô
[4.418s]    48 | [01;31m[Kprivate[m[K:
[4.418s]       | [01;31m[K^~~~~~~[m[K
[4.424s] [01m[K/home/yama/ros2_ws/src/exmple_dynamixel_cpp/src/dynamixel_controller.cpp:[m[K At global scope:
[4.424s] [01m[K/home/yama/ros2_ws/src/exmple_dynamixel_cpp/src/dynamixel_controller.cpp:59:2:[m[K [01;31m[Kerror: [m[Kexpected unqualified-id at end of input
[4.425s]    59 | }
[4.425s]       |  [01;31m[K^[m[K
[5.717s] gmake[2]: *** [CMakeFiles/dynamixel_controller.dir/build.make:76: CMakeFiles/dynamixel_controller.dir/src/dynamixel_controller.cpp.o] Error 1
[5.717s] gmake[1]: *** [CMakeFiles/Makefile2:137: CMakeFiles/dynamixel_controller.dir/all] Error 2
[5.717s] gmake: *** [Makefile:146: all] Error 2
[5.718s] Invoked command in '/home/yama/ros2_ws/build/exmple_dynamixel_cpp' returned '2': CMAKE_PREFIX_PATH=${CMAKE_PREFIX_PATH}:/opt/ros/jazzy DEBUGINFOD_URLS=https://debuginfod.ubuntu.com /usr/bin/cmake --build /home/yama/ros2_ws/build/exmple_dynamixel_cpp -- -j1 -l1
