[0.019s] Invoking command in '/home/yama/ros2_ws/build/exmple_dynamixel_cpp': CMAKE_PREFIX_PATH=${CMAKE_PREFIX_PATH}:/opt/ros/jazzy DEBUGINFOD_URLS=https://debuginfod.ubuntu.com /usr/bin/cmake --build /home/yama/ros2_ws/build/exmple_dynamixel_cpp -- -j1 -l1
[0.210s] [ 50%] [32mBuilding CXX object CMakeFiles/dynamixel_controller.dir/src/dynamixel_controller.cpp.o[0m
[4.945s] [01m[K/home/yama/ros2_ws/src/exmple_dynamixel_cpp/src/dynamixel_controller.cpp:[m[K In constructor â€˜[01m[KDynamixelController::[01;32m[KDynamixelController[m[K()[m[Kâ€™:
[4.945s] [01m[K/home/yama/ros2_ws/src/exmple_dynamixel_cpp/src/dynamixel_controller.cpp:14:15:[m[K [01;31m[Kerror: [m[Kâ€˜[01m[Kunit8_t[m[Kâ€™ does not name a type; did you mean â€˜[01m[Kuint8_t[m[Kâ€™?
[4.945s]    14 |         const [01;31m[Kunit8_t[m[K dxl_id = 1;
[4.945s]       |               [01;31m[K^~~~~~~[m[K
[4.945s]       |               [32m[Kuint8_t[m[K
[4.947s] [01m[K/home/yama/ros2_ws/src/exmple_dynamixel_cpp/src/dynamixel_controller.cpp:24:26:[m[K [01;31m[Kerror: [m[Kâ€˜[01m[Kdxl_id[m[Kâ€™ was not declared in this scope; did you mean â€˜[01m[Kdxl_wb[m[Kâ€™?
[4.947s]    24 |         if (!dxl_wb.ping([01;31m[Kdxl_id[m[K)) {
[4.947s]       |                          [01;31m[K^~~~~~[m[K
[4.948s]       |                          [32m[Kdxl_wb[m[K
[4.955s] In file included from [01m[K/opt/ros/jazzy/include/rclcpp/rclcpp/logging.hpp:24[m[K,
[4.955s]                  from [01m[K/opt/ros/jazzy/include/rclcpp/rclcpp/copy_all_parameter_values.hpp:27[m[K,
[4.955s]                  from [01m[K/opt/ros/jazzy/include/rclcpp/rclcpp/rclcpp.hpp:171[m[K,
[4.956s]                  from [01m[K/home/yama/ros2_ws/src/exmple_dynamixel_cpp/src/dynamixel_controller.cpp:1[m[K:
[4.956s] [01m[K/home/yama/ros2_ws/src/exmple_dynamixel_cpp/src/dynamixel_controller.cpp:29:80:[m[K [01;31m[Kerror: [m[Kâ€˜[01m[Kdxl_id[m[Kâ€™ was not declared in this scope; did you mean â€˜[01m[Kdxl_wb[m[Kâ€™?
[4.956s]    29 |         RCLCPP_INFO(this->get_logger(), "Successfully pinged Dynamixel ID %d", [01;31m[Kdxl_id[m[K);
[4.956s]       |                                                                                [01;31m[K^~~~~~[m[K
[4.975s] [01m[K/home/yama/ros2_ws/src/exmple_dynamixel_cpp/src/dynamixel_controller.cpp:39:31:[m[K [01;31m[Kerror: [m[Kâ€˜[01m[Kdxl_id[m[Kâ€™ was not declared in this scope; did you mean â€˜[01m[Kdxl_wb[m[Kâ€™?
[4.975s]    39 |         if (!dxl_wb.jointMode([01;31m[Kdxl_id[m[K)) {
[4.975s]       |                               [01;31m[K^~~~~~[m[K
[4.975s]       |                               [32m[Kdxl_wb[m[K
[4.992s] [01m[K/home/yama/ros2_ws/src/exmple_dynamixel_cpp/src/dynamixel_controller.cpp:77:34:[m[K [01;31m[Kerror: [m[Kâ€˜[01m[Kdxl_id[m[Kâ€™ was not declared in this scope; did you mean â€˜[01m[Kdxl_wb[m[Kâ€™?
[4.992s]    77 |         if (!dxl_wb.goalPosition([01;31m[Kdxl_id[m[K,(int32_t)500)){
[4.992s]       |                                  [01;31m[K^~~~~~[m[K
[4.992s]       |                                  [32m[Kdxl_wb[m[K
[6.290s] gmake[2]: *** [CMakeFiles/dynamixel_controller.dir/build.make:76: CMakeFiles/dynamixel_controller.dir/src/dynamixel_controller.cpp.o] Error 1
[6.292s] gmake[1]: *** [CMakeFiles/Makefile2:137: CMakeFiles/dynamixel_controller.dir/all] Error 2
[6.298s] gmake: *** [Makefile:146: all] Error 2
[6.321s] Invoked command in '/home/yama/ros2_ws/build/exmple_dynamixel_cpp' returned '2': CMAKE_PREFIX_PATH=${CMAKE_PREFIX_PATH}:/opt/ros/jazzy DEBUGINFOD_URLS=https://debuginfod.ubuntu.com /usr/bin/cmake --build /home/yama/ros2_ws/build/exmple_dynamixel_cpp -- -j1 -l1
