[0.022s] Invoking command in '/home/yama/ros2_ws/build/exmple_dynamixel_cpp': CMAKE_PREFIX_PATH=${CMAKE_PREFIX_PATH}:/opt/ros/jazzy DEBUGINFOD_URLS=https://debuginfod.ubuntu.com /usr/bin/cmake --build /home/yama/ros2_ws/build/exmple_dynamixel_cpp -- -j1 -l1
[0.248s] [ 50%] [32mBuilding CXX object CMakeFiles/dynamixel_controller.dir/src/dynamixel_controller.cpp.o[0m
[5.464s] [01m[K/home/yama/ros2_ws/src/exmple_dynamixel_cpp/src/dynamixel_controller.cpp:[m[K In constructor â€˜[01m[KDynamixelController::[01;32m[KDynamixelController[m[K()[m[Kâ€™:
[5.465s] [01m[K/home/yama/ros2_ws/src/exmple_dynamixel_cpp/src/dynamixel_controller.cpp:77:44:[m[K [01;31m[Kerror: [m[Kâ€˜[01m[Kclass DynamixelWorkbench[m[Kâ€™ has no member named â€˜[01m[KgetLogMsg[m[Kâ€™
[5.465s]    77 |             const char* error_log = dxl_wb.[01;31m[KgetLogMsg[m[K();
[5.465s]       |                                            [01;31m[K^~~~~~~~~[m[K
[6.992s] gmake[2]: *** [CMakeFiles/dynamixel_controller.dir/build.make:76: CMakeFiles/dynamixel_controller.dir/src/dynamixel_controller.cpp.o] Error 1
[6.992s] gmake[1]: *** [CMakeFiles/Makefile2:137: CMakeFiles/dynamixel_controller.dir/all] Error 2
[6.992s] gmake: *** [Makefile:146: all] Error 2
[6.993s] Invoked command in '/home/yama/ros2_ws/build/exmple_dynamixel_cpp' returned '2': CMAKE_PREFIX_PATH=${CMAKE_PREFIX_PATH}:/opt/ros/jazzy DEBUGINFOD_URLS=https://debuginfod.ubuntu.com /usr/bin/cmake --build /home/yama/ros2_ws/build/exmple_dynamixel_cpp -- -j1 -l1
