[ 50%] [32mBuilding CXX object CMakeFiles/dynamixel_controller.dir/src/dynamixel_controller.cpp.o[0m
In file included from [01m[K/opt/ros/jazzy/include/rclcpp/rclcpp/logging.hpp:24[m[K,
                 from [01m[K/opt/ros/jazzy/include/rclcpp/rclcpp/copy_all_parameter_values.hpp:27[m[K,
                 from [01m[K/opt/ros/jazzy/include/rclcpp/rclcpp/rclcpp.hpp:171[m[K,
                 from [01m[K/home/yama/ros2_ws/src/exmple_dynamixel_cpp/src/dynamixel_controller.cpp:1[m[K:
[01m[K/home/yama/ros2_ws/src/exmple_dynamixel_cpp/src/dynamixel_controller.cpp:[m[K In constructor â€˜[01m[KTestDynamixel::[01;32m[KTestDynamixel[m[K()[m[Kâ€™:
[01m[K/home/yama/ros2_ws/src/exmple_dynamixel_cpp/src/dynamixel_controller.cpp:23:56:[m[K [01;31m[Kerror: [m[Krequest for member â€˜[01m[Kc_str[m[Kâ€™ in â€˜[01m[K((TestDynamixel*)this)->TestDynamixel::log[m[Kâ€™, which is of non-class type â€˜[01m[Kconst char*[m[Kâ€™
   23 |             RCLCPP_ERROR(this->get_logger(), "%s", log.[01;31m[Kc_str[m[K());
      |                                                        [01;31m[K^~~~~[m[K
[01m[K/home/yama/ros2_ws/src/exmple_dynamixel_cpp/src/dynamixel_controller.cpp:31:56:[m[K [01;31m[Kerror: [m[Krequest for member â€˜[01m[Kc_str[m[Kâ€™ in â€˜[01m[K((TestDynamixel*)this)->TestDynamixel::log[m[Kâ€™, which is of non-class type â€˜[01m[Kconst char*[m[Kâ€™
   31 |             RCLCPP_ERROR(this->get_logger(), "%s", log.[01;31m[Kc_str[m[K());
      |                                                        [01;31m[K^~~~~[m[K
[01m[K/home/yama/ros2_ws/src/exmple_dynamixel_cpp/src/dynamixel_controller.cpp:40:56:[m[K [01;31m[Kerror: [m[Krequest for member â€˜[01m[Kc_str[m[Kâ€™ in â€˜[01m[K((TestDynamixel*)this)->TestDynamixel::log[m[Kâ€™, which is of non-class type â€˜[01m[Kconst char*[m[Kâ€™
   40 |             RCLCPP_ERROR(this->get_logger(), "%s", log.[01;31m[Kc_str[m[K());
      |                                                        [01;31m[K^~~~~[m[K
gmake[2]: *** [CMakeFiles/dynamixel_controller.dir/build.make:76: CMakeFiles/dynamixel_controller.dir/src/dynamixel_controller.cpp.o] Error 1
gmake[1]: *** [CMakeFiles/Makefile2:137: CMakeFiles/dynamixel_controller.dir/all] Error 2
gmake: *** [Makefile:146: all] Error 2
