[0.019s] Invoking command in '/home/yama/ros2_ws/build/exmple_dynamixel_cpp': CMAKE_PREFIX_PATH=${CMAKE_PREFIX_PATH}:/opt/ros/jazzy DEBUGINFOD_URLS=https://debuginfod.ubuntu.com /usr/bin/cmake --build /home/yama/ros2_ws/build/exmple_dynamixel_cpp -- -j1 -l1
[0.186s] [ 50%] [32mBuilding CXX object CMakeFiles/dynamixel_controller.dir/src/dynamixel_controller.cpp.o[0m
[4.223s] In file included from [01m[K/opt/ros/jazzy/include/rclcpp/rclcpp/logging.hpp:24[m[K,
[4.223s]                  from [01m[K/opt/ros/jazzy/include/rclcpp/rclcpp/copy_all_parameter_values.hpp:27[m[K,
[4.223s]                  from [01m[K/opt/ros/jazzy/include/rclcpp/rclcpp/rclcpp.hpp:171[m[K,
[4.223s]                  from [01m[K/home/yama/ros2_ws/src/exmple_dynamixel_cpp/src/dynamixel_controller.cpp:1[m[K:
[4.223s] [01m[K/home/yama/ros2_ws/src/exmple_dynamixel_cpp/src/dynamixel_controller.cpp:[m[K In constructor â€˜[01m[KTestDynamixel::[01;32m[KTestDynamixel[m[K()[m[Kâ€™:
[4.223s] [01m[K/home/yama/ros2_ws/src/exmple_dynamixel_cpp/src/dynamixel_controller.cpp:23:56:[m[K [01;31m[Kerror: [m[Krequest for member â€˜[01m[Kc_str[m[Kâ€™ in â€˜[01m[K((TestDynamixel*)this)->TestDynamixel::log[m[Kâ€™, which is of non-class type â€˜[01m[Kconst char*[m[Kâ€™
[4.223s]    23 |             RCLCPP_ERROR(this->get_logger(), "%s", log.[01;31m[Kc_str[m[K());
[4.224s]       |                                                        [01;31m[K^~~~~[m[K
[4.225s] [01m[K/home/yama/ros2_ws/src/exmple_dynamixel_cpp/src/dynamixel_controller.cpp:31:56:[m[K [01;31m[Kerror: [m[Krequest for member â€˜[01m[Kc_str[m[Kâ€™ in â€˜[01m[K((TestDynamixel*)this)->TestDynamixel::log[m[Kâ€™, which is of non-class type â€˜[01m[Kconst char*[m[Kâ€™
[4.225s]    31 |             RCLCPP_ERROR(this->get_logger(), "%s", log.[01;31m[Kc_str[m[K());
[4.225s]       |                                                        [01;31m[K^~~~~[m[K
[4.226s] [01m[K/home/yama/ros2_ws/src/exmple_dynamixel_cpp/src/dynamixel_controller.cpp:40:56:[m[K [01;31m[Kerror: [m[Krequest for member â€˜[01m[Kc_str[m[Kâ€™ in â€˜[01m[K((TestDynamixel*)this)->TestDynamixel::log[m[Kâ€™, which is of non-class type â€˜[01m[Kconst char*[m[Kâ€™
[4.226s]    40 |             RCLCPP_ERROR(this->get_logger(), "%s", log.[01;31m[Kc_str[m[K());
[4.226s]       |                                                        [01;31m[K^~~~~[m[K
[5.475s] gmake[2]: *** [CMakeFiles/dynamixel_controller.dir/build.make:76: CMakeFiles/dynamixel_controller.dir/src/dynamixel_controller.cpp.o] Error 1
[5.478s] gmake[1]: *** [CMakeFiles/Makefile2:137: CMakeFiles/dynamixel_controller.dir/all] Error 2
[5.478s] gmake: *** [Makefile:146: all] Error 2
[5.479s] Invoked command in '/home/yama/ros2_ws/build/exmple_dynamixel_cpp' returned '2': CMAKE_PREFIX_PATH=${CMAKE_PREFIX_PATH}:/opt/ros/jazzy DEBUGINFOD_URLS=https://debuginfod.ubuntu.com /usr/bin/cmake --build /home/yama/ros2_ws/build/exmple_dynamixel_cpp -- -j1 -l1
