[01m[K/home/yama/ros2_ws/src/exmple_dynamixel_cpp/src/dynamixel_controller.cpp:[m[K In constructor â€˜[01m[KDynamixelController::[01;32m[KDynamixelController[m[K()[m[Kâ€™:
[01m[K/home/yama/ros2_ws/src/exmple_dynamixel_cpp/src/dynamixel_controller.cpp:64:5:[m[K [01;31m[Kerror: [m[Kâ€˜[01m[Kdxl_wb_[m[Kâ€™ was not declared in this scope; did you mean â€˜[01m[Kdxl_wb[m[Kâ€™?
   64 |     [01;31m[Kdxl_wb_[m[K.itemWrite(id, "Velocity_Limit", 1023);
      |     [01;31m[K^~~~~~~[m[K
      |     [32m[Kdxl_wb[m[K
[01m[K/home/yama/ros2_ws/src/exmple_dynamixel_cpp/src/dynamixel_controller.cpp:64:23:[m[K [01;31m[Kerror: [m[Kâ€˜[01m[Kid[m[Kâ€™ was not declared in this scope
   64 |     dxl_wb_.itemWrite([01;31m[Kid[m[K, "Velocity_Limit", 1023);
      |                       [01;31m[K^~[m[K
gmake[2]: *** [CMakeFiles/dynamixel_controller.dir/build.make:76: CMakeFiles/dynamixel_controller.dir/src/dynamixel_controller.cpp.o] Error 1
gmake[1]: *** [CMakeFiles/Makefile2:137: CMakeFiles/dynamixel_controller.dir/all] Error 2
gmake: *** [Makefile:146: all] Error 2
