[0.022s] Invoking command in '/home/yama/ros2_ws/build/exmple_dynamixel_cpp': CMAKE_PREFIX_PATH=${CMAKE_PREFIX_PATH}:/opt/ros/jazzy DEBUGINFOD_URLS=https://debuginfod.ubuntu.com /usr/bin/cmake --build /home/yama/ros2_ws/build/exmple_dynamixel_cpp -- -j1 -l1
[0.119s] [ 50%] [32mBuilding CXX object CMakeFiles/dynamixel_controller.dir/src/dynamixel_controller.cpp.o[0m
[2.231s] [01m[K/home/yama/ros2_ws/src/exmple_dynamixel_cpp/src/dynamixel_controller.cpp:[m[K In constructor â€˜[01m[KDynamixelController::[01;32m[KDynamixelController[m[K()[m[Kâ€™:
[2.231s] [01m[K/home/yama/ros2_ws/src/exmple_dynamixel_cpp/src/dynamixel_controller.cpp:64:5:[m[K [01;31m[Kerror: [m[Kâ€˜[01m[Kdxl_wb_[m[Kâ€™ was not declared in this scope; did you mean â€˜[01m[Kdxl_wb[m[Kâ€™?
[2.231s]    64 |     [01;31m[Kdxl_wb_[m[K.itemWrite(id, "Velocity_Limit", 1023);
[2.231s]       |     [01;31m[K^~~~~~~[m[K
[2.231s]       |     [32m[Kdxl_wb[m[K
[2.232s] [01m[K/home/yama/ros2_ws/src/exmple_dynamixel_cpp/src/dynamixel_controller.cpp:64:23:[m[K [01;31m[Kerror: [m[Kâ€˜[01m[Kid[m[Kâ€™ was not declared in this scope
[2.232s]    64 |     dxl_wb_.itemWrite([01;31m[Kid[m[K, "Velocity_Limit", 1023);
[2.232s]       |                       [01;31m[K^~[m[K
[2.870s] gmake[2]: *** [CMakeFiles/dynamixel_controller.dir/build.make:76: CMakeFiles/dynamixel_controller.dir/src/dynamixel_controller.cpp.o] Error 1
[2.871s] gmake[1]: *** [CMakeFiles/Makefile2:137: CMakeFiles/dynamixel_controller.dir/all] Error 2
[2.871s] gmake: *** [Makefile:146: all] Error 2
[2.873s] Invoked command in '/home/yama/ros2_ws/build/exmple_dynamixel_cpp' returned '2': CMAKE_PREFIX_PATH=${CMAKE_PREFIX_PATH}:/opt/ros/jazzy DEBUGINFOD_URLS=https://debuginfod.ubuntu.com /usr/bin/cmake --build /home/yama/ros2_ws/build/exmple_dynamixel_cpp -- -j1 -l1
